Using pre-set license
Built from '2020.3/staging' branch; Version is '2020.3.28f1 (f5400f52e03f) revision 16072719'; Using compiler version '192528614'; Build Type 'Release'
OS: 'Windows 10  (10.0.19044) 64bit CoreSingleLanguage' Language: 'en' Physical Memory: 8073 MB
BatchMode: 1, IsHumanControllingUs: 0, StartBugReporterOnCrash: 0, Is64bit: 1, IsPro: 0

COMMAND LINE ARGUMENTS:
E:\CodingTools\UnityEditor\2020.3.28f1\Editor\Unity.exe
-adb2
-batchMode
-noUpm
-name
AssetImportWorker0
-projectPath
E:/CodingTools/Unity Projects/Platformer/PiskelRun
-logFile
Logs/AssetImportWorker0.log
-srvPort
58680
Successfully changed project path to: E:/CodingTools/Unity Projects/Platformer/PiskelRun
E:/CodingTools/Unity Projects/Platformer/PiskelRun
Using Asset Import Pipeline V2.
Refreshing native plugins compatible for Editor in 79.64 ms, found 3 plugins.
Preloading 0 native plugins for Editor in 0.00 ms.
Initialize engine version: 2020.3.28f1 (f5400f52e03f)
[Subsystems] Discovering subsystems at path E:/CodingTools/UnityEditor/2020.3.28f1/Editor/Data/Resources/UnitySubsystems
[Subsystems] Discovering subsystems at path E:/CodingTools/Unity Projects/Platformer/PiskelRun/Assets
GfxDevice: creating device client; threaded=0
Direct3D:
    Version:  Direct3D 11.0 [level 11.1]
    Renderer: AMD Radeon HD 8730M (ID=0x6601)
    Vendor:   
    VRAM:     2027 MB
    Driver:   15.201.1101.0
Initialize mono
Mono path[0] = 'E:/CodingTools/UnityEditor/2020.3.28f1/Editor/Data/Managed'
Mono path[1] = 'E:/CodingTools/UnityEditor/2020.3.28f1/Editor/Data/MonoBleedingEdge/lib/mono/unityjit'
Mono config path = 'E:/CodingTools/UnityEditor/2020.3.28f1/Editor/Data/MonoBleedingEdge/etc'
Using monoOptions --debugger-agent=transport=dt_socket,embedding=1,server=y,suspend=n,address=127.0.0.1:56780
Begin MonoManager ReloadAssembly
Registering precompiled unity dll's ...
Register platform support module: E:/CodingTools/UnityEditor/2020.3.28f1/Editor/Data/PlaybackEngines/WebGLSupport/UnityEditor.WebGL.Extensions.dll
Register platform support module: E:/CodingTools/UnityEditor/2020.3.28f1/Editor/Data/PlaybackEngines/WindowsStandaloneSupport/UnityEditor.WindowsStandalone.Extensions.dll
Registered in 0.001988 seconds.
Native extension for WindowsStandalone target not found
Native extension for WebGL target not found
Refreshing native plugins compatible for Editor in 80.91 ms, found 3 plugins.
Preloading 0 native plugins for Editor in 0.00 ms.
Mono: successfully reloaded assembly
- Completed reload, in  0.943 seconds
Domain Reload Profiling:
	ReloadAssembly (944ms)
		BeginReloadAssembly (102ms)
			ExecutionOrderSort (0ms)
			DisableScriptedObjects (0ms)
			BackupInstance (0ms)
			ReleaseScriptingObjects (0ms)
			CreateAndSetChildDomain (1ms)
		EndReloadAssembly (734ms)
			LoadAssemblies (102ms)
			RebuildTransferFunctionScriptingTraits (0ms)
			SetupTypeCache (247ms)
			ReleaseScriptCaches (0ms)
			RebuildScriptCaches (50ms)
			SetupLoadedEditorAssemblies (283ms)
				LogAssemblyErrors (0ms)
				InitializePlatformSupportModulesInManaged (8ms)
				SetLoadedEditorAssemblies (0ms)
				RefreshPlugins (81ms)
				BeforeProcessingInitializeOnLoad (19ms)
				ProcessInitializeOnLoadAttributes (131ms)
				ProcessInitializeOnLoadMethodAttributes (44ms)
				AfterProcessingInitializeOnLoad (0ms)
				EditorAssembliesLoaded (1ms)
			ExecutionOrderSort2 (0ms)
			AwakeInstancesAfterBackupRestoration (0ms)
Platform modules already initialized, skipping
Registering precompiled user dll's ...
Registered in 0.005102 seconds.
Begin MonoManager ReloadAssembly
Native extension for WindowsStandalone target not found
Native extension for WebGL target not found
Refreshing native plugins compatible for Editor in 83.94 ms, found 3 plugins.
Preloading 0 native plugins for Editor in 0.00 ms.
Mono: successfully reloaded assembly
- Completed reload, in  1.853 seconds
Domain Reload Profiling:
	ReloadAssembly (1854ms)
		BeginReloadAssembly (227ms)
			ExecutionOrderSort (0ms)
			DisableScriptedObjects (8ms)
			BackupInstance (0ms)
			ReleaseScriptingObjects (0ms)
			CreateAndSetChildDomain (25ms)
		EndReloadAssembly (1538ms)
			LoadAssemblies (158ms)
			RebuildTransferFunctionScriptingTraits (0ms)
			SetupTypeCache (509ms)
			ReleaseScriptCaches (1ms)
			RebuildScriptCaches (87ms)
			SetupLoadedEditorAssemblies (603ms)
				LogAssemblyErrors (0ms)
				InitializePlatformSupportModulesInManaged (6ms)
				SetLoadedEditorAssemblies (0ms)
				RefreshPlugins (84ms)
				BeforeProcessingInitializeOnLoad (125ms)
				ProcessInitializeOnLoadAttributes (359ms)
				ProcessInitializeOnLoadMethodAttributes (25ms)
				AfterProcessingInitializeOnLoad (4ms)
				EditorAssembliesLoaded (0ms)
			ExecutionOrderSort2 (0ms)
			AwakeInstancesAfterBackupRestoration (10ms)
Platform modules already initialized, skipping
========================================================================
Worker process is ready to serve import requests
Launched and connected shader compiler UnityShaderCompiler.exe after 0.08 seconds
Refreshing native plugins compatible for Editor in 1.00 ms, found 3 plugins.
Preloading 0 native plugins for Editor in 0.00 ms.
Unloading 2208 Unused Serialized files (Serialized files now loaded: 0)
System memory in use before: 96.6 MB.
System memory in use after: 96.7 MB.

Unloading 27 unused Assets to reduce memory usage. Loaded Objects now: 2648.
Total: 5.249300 ms (FindLiveObjects: 0.287300 ms CreateObjectMapping: 0.223800 ms MarkObjects: 4.650900 ms  DeleteObjects: 0.085300 ms)

AssetImportParameters requested are different than current active one (requested -> active):
  custom:framework-win-MediaFoundation: 216162199b28c13a410421893ffa2e32 -> 
  custom:video-decoder-ogg-theora: a1e56fd34408186e4bbccfd4996cb3dc -> 
  custom:container-muxer-webm: aa71ff27fc2769a1b78a27578f13a17b -> 
  custom:container-demuxer-webm: 4f35f7cbe854078d1ac9338744f61a02 -> 
  custom:container-demuxer-ogg: 62fdf1f143b41e24485cea50d1cbac27 -> 
  custom:video-encoder-webm-vp8: eb34c28f22e8b96e1ab97ce403110664 -> 
  custom:video-decoder-webm-vp8: 9c59270c3fd7afecdb556c50c9e8de78 -> 
  custom:audio-decoder-ogg-vorbis: bf7c407c2cedff20999df2af8eb42d56 -> 
  custom:audio-encoder-webm-vorbis: bf7c407c2cedff20999df2af8eb42d56 -> 
========================================================================
Received Import Request.
  path: Assets/Prefabs/Spikes.prefab
  artifactKey: Guid(734f60ebdaa178444b213819bbd07aed) Importer(815301076,1909f56bfc062723c751e8b465ee728b)
Start importing Assets/Prefabs/Spikes.prefab using Guid(734f60ebdaa178444b213819bbd07aed) Importer(815301076,1909f56bfc062723c751e8b465ee728b)  -> (artifact id: 'e15e86bf220d2ea641bf0c6a15bd3987') in 0.171655 seconds 
  Import took 0.177128 seconds .

========================================================================
Received Import Request.
  Time since last request: 0.000274 seconds.
  path: Assets/Prefabs/Finish.prefab
  artifactKey: Guid(2c0da44a937256645be7f30253be79d1) Importer(815301076,1909f56bfc062723c751e8b465ee728b)
Start importing Assets/Prefabs/Finish.prefab using Guid(2c0da44a937256645be7f30253be79d1) Importer(815301076,1909f56bfc062723c751e8b465ee728b)  -> (artifact id: '48739da81f4c92a124c0da0dd51e5d0e') in 0.071115 seconds 
  Import took 0.076145 seconds .

========================================================================
Received Import Request.
  Time since last request: 0.000255 seconds.
  path: Assets/Prefabs/Terrain.prefab
  artifactKey: Guid(05c275da64be9eb4e8a522d754038513) Importer(815301076,1909f56bfc062723c751e8b465ee728b)
Start importing Assets/Prefabs/Terrain.prefab using Guid(05c275da64be9eb4e8a522d754038513) Importer(815301076,1909f56bfc062723c751e8b465ee728b)  -> (artifact id: 'a16d55a5325fdd8404e9ba13d365b1ea') in 0.110556 seconds 
  Import took 0.117836 seconds .

========================================================================
Received Import Request.
  Time since last request: 0.000259 seconds.
  path: Assets/Prefabs/Player.prefab
  artifactKey: Guid(b713d0a9c70a43b408a905a38b9d3148) Importer(815301076,1909f56bfc062723c751e8b465ee728b)
Start importing Assets/Prefabs/Player.prefab using Guid(b713d0a9c70a43b408a905a38b9d3148) Importer(815301076,1909f56bfc062723c751e8b465ee728b)  -> (artifact id: '74b10f0ae27c64faed6f29697df073fd') in 0.031002 seconds 
  Import took 0.036479 seconds .

========================================================================
Received Import Request.
  Time since last request: 0.000262 seconds.
  path: Assets/Prefabs/Orange.prefab
  artifactKey: Guid(6970c53ee95eb684d876f0aba8d6034d) Importer(815301076,1909f56bfc062723c751e8b465ee728b)
Start importing Assets/Prefabs/Orange.prefab using Guid(6970c53ee95eb684d876f0aba8d6034d) Importer(815301076,1909f56bfc062723c751e8b465ee728b)  -> (artifact id: '60723ac87d85d8a029873073b37ca4f7') in 0.032935 seconds 
  Import took 0.038035 seconds .

========================================================================
Received Import Request.
  Time since last request: 0.000262 seconds.
  path: Assets/Prefabs/Saw1.prefab
  artifactKey: Guid(ed3b09236b2837246a591ac0aa999337) Importer(815301076,1909f56bfc062723c751e8b465ee728b)
Start importing Assets/Prefabs/Saw1.prefab using Guid(ed3b09236b2837246a591ac0aa999337) Importer(815301076,1909f56bfc062723c751e8b465ee728b)  -> (artifact id: '394d68425c1bd9e84fe6337f1da64419') in 0.032492 seconds 
  Import took 0.036901 seconds .

========================================================================
Received Import Request.
  Time since last request: 0.000295 seconds.
  path: Assets/Prefabs/Moving Platform1.prefab
  artifactKey: Guid(3aacabb76b555ac4e8b4d3f75033d419) Importer(815301076,1909f56bfc062723c751e8b465ee728b)
Start importing Assets/Prefabs/Moving Platform1.prefab using Guid(3aacabb76b555ac4e8b4d3f75033d419) Importer(815301076,1909f56bfc062723c751e8b465ee728b)  -> (artifact id: 'ef60ebbb698566bbaf7dff00c0b66597') in 0.032339 seconds 
  Import took 0.038968 seconds .

========================================================================
Received Import Request.
  Time since last request: 16.731526 seconds.
  path: Assets/BGM
  artifactKey: Guid(3f4cfd0fe5a94764aa1ec0cc0c779001) Importer(815301076,1909f56bfc062723c751e8b465ee728b)
Start importing Assets/BGM using Guid(3f4cfd0fe5a94764aa1ec0cc0c779001) Importer(815301076,1909f56bfc062723c751e8b465ee728b)  -> (artifact id: '95402bd7bac76364935afb1d60e2ff97') in 0.011153 seconds 
  Import took 0.016100 seconds .

========================================================================
Received Import Request.
  Time since last request: 12.857417 seconds.
  path: Assets/SceneAssets
  artifactKey: Guid(3498125432216e34dab6b443f2cb68be) Importer(815301076,1909f56bfc062723c751e8b465ee728b)
Start importing Assets/SceneAssets using Guid(3498125432216e34dab6b443f2cb68be) Importer(815301076,1909f56bfc062723c751e8b465ee728b)  -> (artifact id: '0b3e2ac09cd4e86e02ea2294b81e750e') in 0.009583 seconds 
  Import took 0.014470 seconds .

========================================================================
Received Import Request.
  Time since last request: 28.612382 seconds.
  path: Assets/Scripts/WaypointFollower.cs
  artifactKey: Guid(9437dfdd62a605f428cdce490a204e33) Importer(815301076,1909f56bfc062723c751e8b465ee728b)
Start importing Assets/Scripts/WaypointFollower.cs using Guid(9437dfdd62a605f428cdce490a204e33) Importer(815301076,1909f56bfc062723c751e8b465ee728b)  -> (artifact id: 'a203b4b3e1c8540f6bfe8dad91da1243') in 0.026561 seconds 
  Import took 0.033117 seconds .

AssetImportWorkerClient::OnTransportError - code=2 error=End of file
